<?xml version="1.0" encoding="UTF-8"?>
<!-- Generated by org.testng.reporters.JUnitXMLReporter -->
<testsuite hostname="RSI1558" ignored="0" name="NovoProjetoHUB" tests="6" failures="0" timestamp="24 jan 2020 18:32:58 GMT" time="93.623" errors="0">
  <testcase name="inciaTeste" time="8.647" classname="br.com.rsinet.hub_tdd.Projeto.Registra_TC"/>
  <testcase name="inciaTesteComFalha" time="6.478" classname="br.com.rsinet.hub_tdd.Projeto.Registra_TC"/>
  <testcase name="iniciaTest" time="5.922" classname="br.com.rsinet.hub_tdd.Projeto.Categoria_TC"/>
  <testcase name="iniciaTestInvalido" time="5.148" classname="br.com.rsinet.hub_tdd.Projeto.Categoria_TC"/>
  <testcase name="iniciaTest" time="4.133" classname="br.com.rsinet.hub_tdd.Projeto.Pesquisa_TC"/>
  <testcase name="iniciaTestInvalido" time="2.848" classname="br.com.rsinet.hub_tdd.Projeto.Pesquisa_TC"/>
</testsuite> <!-- NovoProjetoHUB -->
