<?xml version="1.0" encoding="UTF-8"?>
<!-- Generated by org.testng.reporters.JUnitXMLReporter -->
<testsuite hostname="RSI1558" ignored="0" name="NovoProjetoHUB" tests="6" failures="0" timestamp="27 jan 2020 18:40:41 GMT" time="110.841" errors="0">
  <testcase name="inciaTeste" time="11.447" classname="br.com.rsinet.hub_tdd.Projeto.Registra_TC"/>
  <testcase name="inciaTesteComFalha" time="10.804" classname="br.com.rsinet.hub_tdd.Projeto.Registra_TC"/>
  <testcase name="iniciaTest" time="6.923" classname="br.com.rsinet.hub_tdd.Projeto.Categoria_TC"/>
  <testcase name="iniciaTestInvalido" time="6.726" classname="br.com.rsinet.hub_tdd.Projeto.Categoria_TC"/>
  <testcase name="iniciaTest" time="5.357" classname="br.com.rsinet.hub_tdd.Projeto.Pesquisa_TC"/>
  <testcase name="iniciaTestInvalido" time="3.557" classname="br.com.rsinet.hub_tdd.Projeto.Pesquisa_TC"/>
</testsuite> <!-- NovoProjetoHUB -->
