<?xml version="1.0" encoding="UTF-8"?>
<testng-results skipped="0" failed="0" ignored="0" total="6" passed="6">
  <reporter-output>
    <line>
      <![CDATA[Abrindo o navegador]]>
    </line>
    <line>
      <![CDATA[Acessando a loja]]>
    </line>
    <line>
      <![CDATA[Executando o registro valido na loja]]>
    </line>
    <line>
      <![CDATA[Fechando o navegador]]>
    </line>
    <line>
      <![CDATA[Abrindo o navegador]]>
    </line>
    <line>
      <![CDATA[Executando o registro invalido na loja]]>
    </line>
    <line>
      <![CDATA[Fechando o navegador]]>
    </line>
    <line>
      <![CDATA[Abrindo o navegador]]>
    </line>
    <line>
      <![CDATA[Acessando a loja]]>
    </line>
    <line>
      <![CDATA[Executando a busca do produto pela home]]>
    </line>
    <line>
      <![CDATA[Fechando o navegador]]>
    </line>
    <line>
      <![CDATA[Abrindo o navegador]]>
    </line>
    <line>
      <![CDATA[Acessando a loja]]>
    </line>
    <line>
      <![CDATA[Executando a busca do produto pela home]]>
    </line>
    <line>
      <![CDATA[Fechando o navegador]]>
    </line>
    <line>
      <![CDATA[Abrindo o navegador]]>
    </line>
    <line>
      <![CDATA[Acessando a loja]]>
    </line>
    <line>
      <![CDATA[Executando a busca valida pela lupa]]>
    </line>
    <line>
      <![CDATA[Fechando o navegador]]>
    </line>
    <line>
      <![CDATA[Abrindo o navegador]]>
    </line>
    <line>
      <![CDATA[Acessando a loja]]>
    </line>
    <line>
      <![CDATA[Executando a busca invalida pela lupa]]>
    </line>
    <line>
      <![CDATA[Fechando o navegador]]>
    </line>
  </reporter-output>
  <suite name="Teste-TDD" duration-ms="105745" started-at="2020-01-28T19:37:57Z" finished-at="2020-01-28T19:39:43Z">
    <groups>
    </groups>
    <test name="NovoProjetoHUB" duration-ms="105745" started-at="2020-01-28T19:37:57Z" finished-at="2020-01-28T19:39:43Z">
      <class name="br.com.rsinet.hub_tdd.Projeto.Categoria_TC">
        <test-method status="PASS" signature="iniciaNavegador()[pri:0, instance:br.com.rsinet.hub_tdd.Projeto.Categoria_TC@3bfdc050]" name="iniciaNavegador" is-config="true" duration-ms="9218" started-at="2020-01-28T19:38:36Z" finished-at="2020-01-28T19:38:45Z">
          <reporter-output>
            <line>
              <![CDATA[Abrindo o navegador]]>
            </line>
          </reporter-output>
        </test-method> <!-- iniciaNavegador -->
        <test-method status="PASS" signature="iniciaTest()[pri:0, instance:br.com.rsinet.hub_tdd.Projeto.Categoria_TC@3bfdc050]" name="iniciaTest" duration-ms="9624" started-at="2020-01-28T19:38:45Z" finished-at="2020-01-28T19:38:55Z">
          <reporter-output>
            <line>
              <![CDATA[Acessando a loja]]>
            </line>
            <line>
              <![CDATA[Executando a busca do produto pela home]]>
            </line>
          </reporter-output>
        </test-method> <!-- iniciaTest -->
        <test-method status="PASS" signature="fechaNavegador()[pri:0, instance:br.com.rsinet.hub_tdd.Projeto.Categoria_TC@3bfdc050]" name="fechaNavegador" is-config="true" duration-ms="615" started-at="2020-01-28T19:38:55Z" finished-at="2020-01-28T19:38:56Z">
          <reporter-output>
            <line>
              <![CDATA[Fechando o navegador]]>
            </line>
          </reporter-output>
        </test-method> <!-- fechaNavegador -->
        <test-method status="PASS" signature="iniciaNavegador()[pri:0, instance:br.com.rsinet.hub_tdd.Projeto.Categoria_TC@3bfdc050]" name="iniciaNavegador" is-config="true" duration-ms="9190" started-at="2020-01-28T19:38:56Z" finished-at="2020-01-28T19:39:05Z">
          <reporter-output>
            <line>
              <![CDATA[Abrindo o navegador]]>
            </line>
          </reporter-output>
        </test-method> <!-- iniciaNavegador -->
        <test-method status="PASS" signature="iniciaTestInvalido()[pri:0, instance:br.com.rsinet.hub_tdd.Projeto.Categoria_TC@3bfdc050]" name="iniciaTestInvalido" duration-ms="8228" started-at="2020-01-28T19:39:05Z" finished-at="2020-01-28T19:39:13Z">
          <reporter-output>
            <line>
              <![CDATA[Acessando a loja]]>
            </line>
            <line>
              <![CDATA[Executando a busca do produto pela home]]>
            </line>
          </reporter-output>
        </test-method> <!-- iniciaTestInvalido -->
        <test-method status="PASS" signature="fechaNavegador()[pri:0, instance:br.com.rsinet.hub_tdd.Projeto.Categoria_TC@3bfdc050]" name="fechaNavegador" is-config="true" duration-ms="600" started-at="2020-01-28T19:39:13Z" finished-at="2020-01-28T19:39:14Z">
          <reporter-output>
            <line>
              <![CDATA[Fechando o navegador]]>
            </line>
          </reporter-output>
        </test-method> <!-- fechaNavegador -->
      </class> <!-- br.com.rsinet.hub_tdd.Projeto.Categoria_TC -->
      <class name="br.com.rsinet.hub_tdd.Projeto.Registra_TC">
        <test-method status="PASS" signature="iniciaNavegador()[pri:0, instance:br.com.rsinet.hub_tdd.Projeto.Registra_TC@42d80b78]" name="iniciaNavegador" is-config="true" duration-ms="10590" started-at="2020-01-28T19:37:57Z" finished-at="2020-01-28T19:38:07Z">
          <reporter-output>
            <line>
              <![CDATA[Abrindo o navegador]]>
            </line>
          </reporter-output>
        </test-method> <!-- iniciaNavegador -->
        <test-method status="PASS" signature="inciaTeste()[pri:0, instance:br.com.rsinet.hub_tdd.Projeto.Registra_TC@42d80b78]" name="inciaTeste" duration-ms="10274" started-at="2020-01-28T19:38:07Z" finished-at="2020-01-28T19:38:18Z">
          <reporter-output>
            <line>
              <![CDATA[Acessando a loja]]>
            </line>
            <line>
              <![CDATA[Executando o registro valido na loja]]>
            </line>
          </reporter-output>
        </test-method> <!-- inciaTeste -->
        <test-method status="PASS" signature="fechaNavegador()[pri:0, instance:br.com.rsinet.hub_tdd.Projeto.Registra_TC@42d80b78]" name="fechaNavegador" is-config="true" duration-ms="602" started-at="2020-01-28T19:38:18Z" finished-at="2020-01-28T19:38:18Z">
          <reporter-output>
            <line>
              <![CDATA[Fechando o navegador]]>
            </line>
          </reporter-output>
        </test-method> <!-- fechaNavegador -->
        <test-method status="PASS" signature="iniciaNavegador()[pri:0, instance:br.com.rsinet.hub_tdd.Projeto.Registra_TC@42d80b78]" name="iniciaNavegador" is-config="true" duration-ms="9242" started-at="2020-01-28T19:38:18Z" finished-at="2020-01-28T19:38:28Z">
          <reporter-output>
            <line>
              <![CDATA[Abrindo o navegador]]>
            </line>
          </reporter-output>
        </test-method> <!-- iniciaNavegador -->
        <test-method status="PASS" signature="inciaTesteComFalha()[pri:0, instance:br.com.rsinet.hub_tdd.Projeto.Registra_TC@42d80b78]" name="inciaTesteComFalha" duration-ms="7979" started-at="2020-01-28T19:38:28Z" finished-at="2020-01-28T19:38:36Z">
          <reporter-output>
            <line>
              <![CDATA[Executando o registro invalido na loja]]>
            </line>
          </reporter-output>
        </test-method> <!-- inciaTesteComFalha -->
        <test-method status="PASS" signature="fechaNavegador()[pri:0, instance:br.com.rsinet.hub_tdd.Projeto.Registra_TC@42d80b78]" name="fechaNavegador" is-config="true" duration-ms="607" started-at="2020-01-28T19:38:36Z" finished-at="2020-01-28T19:38:36Z">
          <reporter-output>
            <line>
              <![CDATA[Fechando o navegador]]>
            </line>
          </reporter-output>
        </test-method> <!-- fechaNavegador -->
      </class> <!-- br.com.rsinet.hub_tdd.Projeto.Registra_TC -->
      <class name="br.com.rsinet.hub_tdd.Projeto.Pesquisa_TC">
        <test-method status="PASS" signature="iniciaNavegador()[pri:0, instance:br.com.rsinet.hub_tdd.Projeto.Pesquisa_TC@1bce4f0a]" name="iniciaNavegador" is-config="true" duration-ms="9191" started-at="2020-01-28T19:39:14Z" finished-at="2020-01-28T19:39:23Z">
          <reporter-output>
            <line>
              <![CDATA[Abrindo o navegador]]>
            </line>
          </reporter-output>
        </test-method> <!-- iniciaNavegador -->
        <test-method status="PASS" signature="iniciaTest()[pri:0, instance:br.com.rsinet.hub_tdd.Projeto.Pesquisa_TC@1bce4f0a]" name="iniciaTest" duration-ms="5861" started-at="2020-01-28T19:39:23Z" finished-at="2020-01-28T19:39:29Z">
          <reporter-output>
            <line>
              <![CDATA[Acessando a loja]]>
            </line>
            <line>
              <![CDATA[Executando a busca valida pela lupa]]>
            </line>
          </reporter-output>
        </test-method> <!-- iniciaTest -->
        <test-method status="PASS" signature="fechaNavegador()[pri:0, instance:br.com.rsinet.hub_tdd.Projeto.Pesquisa_TC@1bce4f0a]" name="fechaNavegador" is-config="true" duration-ms="608" started-at="2020-01-28T19:39:29Z" finished-at="2020-01-28T19:39:29Z">
          <reporter-output>
            <line>
              <![CDATA[Fechando o navegador]]>
            </line>
          </reporter-output>
        </test-method> <!-- fechaNavegador -->
        <test-method status="PASS" signature="iniciaNavegador()[pri:0, instance:br.com.rsinet.hub_tdd.Projeto.Pesquisa_TC@1bce4f0a]" name="iniciaNavegador" is-config="true" duration-ms="9206" started-at="2020-01-28T19:39:29Z" finished-at="2020-01-28T19:39:38Z">
          <reporter-output>
            <line>
              <![CDATA[Abrindo o navegador]]>
            </line>
          </reporter-output>
        </test-method> <!-- iniciaNavegador -->
        <test-method status="PASS" signature="iniciaTestInvalido()[pri:1, instance:br.com.rsinet.hub_tdd.Projeto.Pesquisa_TC@1bce4f0a]" name="iniciaTestInvalido" duration-ms="3476" started-at="2020-01-28T19:39:38Z" finished-at="2020-01-28T19:39:42Z">
          <reporter-output>
            <line>
              <![CDATA[Acessando a loja]]>
            </line>
            <line>
              <![CDATA[Executando a busca invalida pela lupa]]>
            </line>
          </reporter-output>
        </test-method> <!-- iniciaTestInvalido -->
        <test-method status="PASS" signature="fechaNavegador()[pri:0, instance:br.com.rsinet.hub_tdd.Projeto.Pesquisa_TC@1bce4f0a]" name="fechaNavegador" is-config="true" duration-ms="602" started-at="2020-01-28T19:39:42Z" finished-at="2020-01-28T19:39:43Z">
          <reporter-output>
            <line>
              <![CDATA[Fechando o navegador]]>
            </line>
          </reporter-output>
        </test-method> <!-- fechaNavegador -->
      </class> <!-- br.com.rsinet.hub_tdd.Projeto.Pesquisa_TC -->
    </test> <!-- NovoProjetoHUB -->
  </suite> <!-- Teste-TDD -->
</testng-results>
