<?xml version="1.0" encoding="UTF-8"?>
<!-- Generated by org.testng.reporters.JUnitXMLReporter -->
<testsuite hostname="RSI1558" ignored="0" name="ProjetoLoja" tests="6" failures="0" timestamp="24 jan 2020 18:17:58 GMT" time="97.032" errors="0">
  <testcase name="inciaTeste" time="8.508" classname="br.com.rsinet.hub_tdd.Projeto.Registra_TC"/>
  <testcase name="inciaTesteComFalha" time="7.207" classname="br.com.rsinet.hub_tdd.Projeto.Registra_TC"/>
  <testcase name="iniciaTest" time="7.523" classname="br.com.rsinet.hub_tdd.Projeto.Categoria_TC"/>
  <testcase name="iniciaTestInvalido" time="5.535" classname="br.com.rsinet.hub_tdd.Projeto.Categoria_TC"/>
  <testcase name="iniciaTest" time="4.503" classname="br.com.rsinet.hub_tdd.Projeto.Pesquisa_TC"/>
  <testcase name="iniciaTestInvalido" time="3.361" classname="br.com.rsinet.hub_tdd.Projeto.Pesquisa_TC"/>
</testsuite> <!-- ProjetoLoja -->
